<?xml version="1.0" encoding="UTF-8"?>
<testng-results skipped="0" failed="0" total="1" passed="1">
  <reporter-output>
  </reporter-output>
  <suite name="Default suite" duration-ms="40801" started-at="2015-04-26T02:51:19Z" finished-at="2015-04-26T02:52:00Z">
    <groups>
    </groups>
    <test name="Default test" duration-ms="40801" started-at="2015-04-26T02:51:19Z" finished-at="2015-04-26T02:52:00Z">
      <class name="com.core.SanityTest">
        <test-method status="PASS" signature="setUp()[pri:0, instance:com.core.SanityTest@1ef7fe8e]" name="setUp" is-config="true" duration-ms="31510" started-at="2015-04-26T08:21:19Z" finished-at="2015-04-26T08:21:51Z">
          <reporter-output>
          </reporter-output>
        </test-method> <!-- setUp -->
        <test-method status="PASS" signature="signInAction()[pri:0, instance:com.core.SanityTest@1ef7fe8e]" name="signInAction" duration-ms="8727" started-at="2015-04-26T08:21:51Z" finished-at="2015-04-26T08:22:00Z">
          <reporter-output>
          </reporter-output>
        </test-method> <!-- signInAction -->
        <test-method status="PASS" signature="tearDown()[pri:0, instance:com.core.SanityTest@1ef7fe8e]" name="tearDown" is-config="true" duration-ms="524" started-at="2015-04-26T08:22:00Z" finished-at="2015-04-26T08:22:00Z">
          <reporter-output>
          </reporter-output>
        </test-method> <!-- tearDown -->
      </class> <!-- com.core.SanityTest -->
    </test> <!-- Default test -->
  </suite> <!-- Default suite -->
</testng-results>
